In file included from /root/catkin_ws/src/Seerose/SourceCode/ROS/hm_marker_detection/src/MarkerLocalizer.cpp:8:0:
/root/catkin_ws/src/Seerose/SourceCode/ROS/hm_marker_detection/include/hm_marker_detection/MarkerLocalizer.h:137:18: error: expected ';' at end of member declaration
   ros::Publisher m_markerPosePublisher_Knowrob
                  ^
make[2]: *** [CMakeFiles/marker_localizer.dir/src/MarkerLocalizer.cpp.o] Error 1
make[1]: *** [CMakeFiles/marker_localizer.dir/all] Error 2
make: *** [all] Error 2
